{"row_id": 0, "chunk_id": "local_001__chunk0", "log_id": "local_001", "source": "python", "tool": "venv", "tags": ["windows", "env", "venv"], "timestamp": "2025-12-16T00:00:00Z", "text": "[ID] local_001\n[SOURCE] python\n[TOOL] venv\n[TAGS] windows, env, venv\n[TIMESTAMP] 2025-12-16T00:00:00Z\n[ERROR_LOG]\n$ mkdir rag-workflow cd rag-workflow python -m venv venv source venv/bin/activate bash: venv/bin/activate: No such file or directory", "provenance": null}
{"row_id": 1, "chunk_id": "gpu_001_cuda_not_found_tf_plugins__chunk0", "log_id": "gpu_001_cuda_not_found_tf_plugins", "source": "tensorflow", "tool": "python", "tags": ["cuda", "tensorflow", "cudnn", "cublas", "cufft", "gpu", "install"], "timestamp": "2023-10-22T01:58:31Z", "text": "[ID] gpu_001_cuda_not_found_tf_plugins\n[SOURCE] tensorflow\n[TOOL] python\n[TAGS] cuda, tensorflow, cudnn, cublas, cufft, gpu, install\n[TIMESTAMP] 2023-10-22T01:58:31Z\n[ERROR_LOG]\npython3.9 -m pip install tensorflow[and-cuda]\n>>> import tensorflow as tf\n2023-10-22 01:58:31.798579: E tensorflow/compiler/xla/stream_executor/cuda/cuda_dnn.cc:9342] Unable to register cuDNN factory: Attempting to register factory for plugin cuDNN when one has already been registered\n2023-10-22 01:58:31.798611: E tensorflow/compiler/xla/stream_executor/cuda/cuda_fft.cc:609] Unable to register cuFFT factory: Attempting to register factory for plugin cuFFT when one has already been registered\n2023-10-22 01:58:31.798638: E tensorflow/compiler/xla/stream_executor/cuda/cuda_blas.cc:1518] Unable to register cuBLAS factory: Attempting to register factory for plugin cuBLAS when one has already been registered\n2023-10-22 01:58:31.804107: I tensorflow/core/platform/cpu_feature_guard.cc:182] This TensorFlow binary is optimized to use available CPU instructions in performance-critical operations. To enable the following instructions: AVX2 FMA, in other operations, rebuild TensorFlow with the appropriate compiler flags.", "provenance": null}
{"row_id": 2, "chunk_id": "gpu_002_pytorch_cuda_wheel_selector__chunk0", "log_id": "gpu_002_pytorch_cuda_wheel_selector", "source": "pytorch", "tool": "pip", "tags": ["cuda", "pytorch", "torchvision", "wheels", "install"], "timestamp": null, "text": "[ID] gpu_002_pytorch_cuda_wheel_selector\n[SOURCE] pytorch\n[TOOL] pip\n[TAGS] cuda, pytorch, torchvision, wheels, install\n[TIMESTAMP] None\n[ERROR_LOG]\npip install torch==1.4.0+cu92 torchvision==0.5.0+cu92 -f https://download.pytorch.org/whl/torch_stable.html", "provenance": null}
{"row_id": 3, "chunk_id": "py_001_wheel_build_failure_guidedlda__chunk0", "log_id": "py_001_wheel_build_failure_guidedlda", "source": "pip", "tool": "pip", "tags": ["pip", "wheel", "build", "native-extension", "guidedlda", "python3.10"], "timestamp": null, "text": "[ID] py_001_wheel_build_failure_guidedlda\n[SOURCE] pip\n[TOOL] pip\n[TAGS] pip, wheel, build, native-extension, guidedlda, python3.10\n[TIMESTAMP] None\n[ERROR_LOG]\npip install guidedlda\n\nCollecting guidedlda\n Using cached guidedlda-2.0.0.dev22.tar.gz (2.1 MB)\n Preparing metadata (setup.py) ... done\nRequirement already satisfied: numpy in /usr/local/lib/python3.10/dist-packages (from guidedlda) (1.23.5)\nBuilding wheels for collected packages: guidedlda\n error: subprocess-exited-with-error\n\n × python setup.py bdist_wheel did not run successfully.\n │ exit code: 1.\n ╰─> See above for output.\n\n note: This error originates from a subprocess, and is likely not a problem with pip.\n Building wheel for guidedlda (setup.py) ... error\n ERROR: Failed building wheel for guidedlda\n Running setup.py clean for guidedlda\nFailed to build guidedlda\nERROR: Could not build wheels for guidedlda, which is required to install pyproject.toml-based projects", "provenance": null}
{"row_id": 4, "chunk_id": "gcp_001_vertex_gemini_model_access_404__chunk0", "log_id": "gcp_001_vertex_gemini_model_access_404", "source": "vertex-ai", "tool": "api", "tags": ["gcp", "vertex-ai", "gemini", "404", "permissions", "model-access", "publisher-model"], "timestamp": null, "text": "[ID] gcp_001_vertex_gemini_model_access_404\n[SOURCE] vertex-ai\n[TOOL] api\n[TAGS] gcp, vertex-ai, gemini, 404, permissions, model-access, publisher-model\n[TIMESTAMP] None\n[ERROR_LOG]\n404 Publisher Model projects/durable-syntax-473313-c6/locations/us-central1/publishers/google/models/gemini-1.5-flash-001 was not found or your project does not have access to it.", "provenance": null}
{"row_id": 5, "chunk_id": "py_002_module_not_found_after_install_cowsay__chunk0", "log_id": "py_002_module_not_found_after_install_cowsay", "source": "python", "tool": "pip/python", "tags": ["python", "venv", "module-not-found", "pip", "path-mismatch", "interpreter"], "timestamp": null, "text": "[ID] py_002_module_not_found_after_install_cowsay\n[SOURCE] python\n[TOOL] pip/python\n[TAGS] python, venv, module-not-found, pip, path-mismatch, interpreter\n[TIMESTAMP] None\n[ERROR_LOG]\n(env) sr@python-virtual-env >> pip install cowsay\nCollecting cowsay\n Using cached cowsay-5.0-py2.py3-none-any.whl\nInstalling collected packages: cowsay\nSuccessfully installed cowsay-5.0\n\n(env) sr@python-virtual-env >> python say.py John\nTraceback (most recent call last):\n File \"/Users/sr/Sites/python-virtual-env/say.py\", line 1, in <module>\n import cowsay\nModuleNotFoundError: No module named 'cowsay'", "provenance": null}
{"row_id": 6, "chunk_id": "airflow_001_importerror_cryptography_fernet_python27__chunk0", "log_id": "airflow_001_importerror_cryptography_fernet_python27", "source": "airflow", "tool": "airflow-cli", "tags": ["airflow", "python2.7", "importerror", "cryptography", "fernet", "config", "initdb", "webserver"], "timestamp": "2025-12-16T00:00:00Z", "text": "[ID] airflow_001_importerror_cryptography_fernet_python27\n[SOURCE] airflow\n[TOOL] airflow-cli\n[TAGS] airflow, python2.7, importerror, cryptography, fernet, config, initdb, webserver\n[TIMESTAMP] 2025-12-16T00:00:00Z\n[ERROR_LOG]\nairflow webserver\nTraceback (most recent call last):\n File \"/usr/bin/airflow\", line 4, in <module>\n from airflow import configuration\n File \"/usr/lib/python2.7/site-packages/airflow/__init__.py\", line 29, in <module>\n from airflow import configuration as conf\n File \"/usr/lib/python2.7/site-packages/airflow/configuration.py\", line 657, in <module>\n conf.read(AIRFLOW_CONFIG)\n File \"/usr/lib/python2.7/site-packages/airflow/configuration.py\", line 519, in read\n self._validate()\n File \"/usr/lib/python2.7/site-packages/airflow/configuration.py\", line 447, in _validate\n \"sqlite\" in self.get('core', 'sql_alchemy_conn')):\n File \"/usr/lib/python2.7/site-packages/airflow/configuration.py\", line 484, in get\n option = self._get_cmd_option(section, key)\n File \"/usr/lib/python2.7/site-packages/airflow/configuration.py\", line 465, in _get_cmd_option\n return run_command(command)\n File \"/usr/lib/python2.7/site-packages/airflow/configuration.py\", line 70, in run_command\n .format(command, process.returncode, output, stderr)\nairflow.configuration.AirflowConfigException: Cannot execute python /home/airflow/.sec/security.py get_connection_string pg. Error code is: 1. Output: , Stderr: Traceback (most recent call last):\n File \"/home/airflow/.sec/security.py\", line 4, in <module>\n from cryptography.fernet import Fernet\nImportError: No module named cryptography.fernet\n\nairflow initdb\n(…same stack trace…)\n\nairflow list_dags\n(…same stack trace…)", "provenance": {"source_hint": "StackOverflow (question/answer snippet)", "retrieved_date": "2025-12-16", "license": "CC BY-SA 4.0", "notes": "Posted by Judy; modified by community; see Timeline for change history."}}
