{"id":"local_001","timestamp":"2025-12-16T00:00:00Z","source":"python","tool":"venv","text":"$ mkdir rag-workflow cd rag-workflow python -m venv venv source venv/bin/activate bash: venv/bin/activate: No such file or directory","tags":["windows","env","venv"],"expected_fix":""}
{"id":"gpu_001_cuda_not_found_tf_plugins","timestamp":"2023-10-22T01:58:31Z","source":"tensorflow","tool":"python","text":"python3.9 -m pip install tensorflow[and-cuda]\n>>> import tensorflow as tf\n2023-10-22 01:58:31.798579: E tensorflow/compiler/xla/stream_executor/cuda/cuda_dnn.cc:9342] Unable to register cuDNN factory: Attempting to register factory for plugin cuDNN when one has already been registered\n2023-10-22 01:58:31.798611: E tensorflow/compiler/xla/stream_executor/cuda/cuda_fft.cc:609] Unable to register cuFFT factory: Attempting to register factory for plugin cuFFT when one has already been registered\n2023-10-22 01:58:31.798638: E tensorflow/compiler/xla/stream_executor/cuda/cuda_blas.cc:1518] Unable to register cuBLAS factory: Attempting to register factory for plugin cuBLAS when one has already been registered\n2023-10-22 01:58:31.804107: I tensorflow/core/platform/cpu_feature_guard.cc:182] This TensorFlow binary is optimized to use available CPU instructions in performance-critical operations. To enable the following instructions: AVX2 FMA, in other operations, rebuild TensorFlow with the appropriate compiler flags.","tags":["cuda","tensorflow","cudnn","cublas","cufft","gpu","install"],"expected_fix":""}
{"id":"gpu_002_pytorch_cuda_wheel_selector","timestamp":null,"source":"pytorch","tool":"pip","text":"pip install torch==1.4.0+cu92 torchvision==0.5.0+cu92 -f https://download.pytorch.org/whl/torch_stable.html","tags":["cuda","pytorch","torchvision","wheels","install"],"expected_fix":""}
{"id":"py_001_wheel_build_failure_guidedlda","timestamp":null,"source":"pip","tool":"pip","text":"pip install guidedlda\n\nCollecting guidedlda\n  Using cached guidedlda-2.0.0.dev22.tar.gz (2.1 MB)\n  Preparing metadata (setup.py) ... done\nRequirement already satisfied: numpy in /usr/local/lib/python3.10/dist-packages (from guidedlda) (1.23.5)\nBuilding wheels for collected packages: guidedlda\n  error: subprocess-exited-with-error\n\n  × python setup.py bdist_wheel did not run successfully.\n  │ exit code: 1.\n  ╰─> See above for output.\n\n  note: This error originates from a subprocess, and is likely not a problem with pip.\n  Building wheel for guidedlda (setup.py) ... error\n  ERROR: Failed building wheel for guidedlda\n  Running setup.py clean for guidedlda\nFailed to build guidedlda\nERROR: Could not build wheels for guidedlda, which is required to install pyproject.toml-based projects","tags":["pip","wheel","build","native-extension","guidedlda","python3.10"],"expected_fix":""}
{"id":"gcp_001_vertex_gemini_model_access_404","timestamp":null,"source":"vertex-ai","tool":"api","text":"404 Publisher Model projects/durable-syntax-473313-c6/locations/us-central1/publishers/google/models/gemini-1.5-flash-001 was not found or your project does not have access to it.","tags":["gcp","vertex-ai","gemini","404","permissions","model-access","publisher-model"],"expected_fix":""}
{"id":"py_002_module_not_found_after_install_cowsay","timestamp":null,"source":"python","tool":"pip/python","text":"(env) sr@python-virtual-env >> pip install cowsay\nCollecting cowsay\n  Using cached cowsay-5.0-py2.py3-none-any.whl\nInstalling collected packages: cowsay\nSuccessfully installed cowsay-5.0\n\n(env) sr@python-virtual-env >> python say.py John\nTraceback (most recent call last):\n  File \"/Users/sr/Sites/python-virtual-env/say.py\", line 1, in <module>\n    import cowsay\nModuleNotFoundError: No module named 'cowsay'","tags":["python","venv","module-not-found","pip","path-mismatch","interpreter"],"expected_fix":""}
{"id":"airflow_001_importerror_cryptography_fernet_python27","timestamp":"2025-12-16T00:00:00Z","source":"airflow","tool":"airflow-cli","text":"airflow webserver\nTraceback (most recent call last):\n  File \"/usr/bin/airflow\", line 4, in <module>\n    from airflow import configuration\n  File \"/usr/lib/python2.7/site-packages/airflow/__init__.py\", line 29, in <module>\n    from airflow import configuration as conf\n  File \"/usr/lib/python2.7/site-packages/airflow/configuration.py\", line 657, in <module>\n    conf.read(AIRFLOW_CONFIG)\n  File \"/usr/lib/python2.7/site-packages/airflow/configuration.py\", line 519, in read\n    self._validate()\n  File \"/usr/lib/python2.7/site-packages/airflow/configuration.py\", line 447, in _validate\n    \"sqlite\" in self.get('core', 'sql_alchemy_conn')):\n  File \"/usr/lib/python2.7/site-packages/airflow/configuration.py\", line 484, in get\n    option = self._get_cmd_option(section, key)\n  File \"/usr/lib/python2.7/site-packages/airflow/configuration.py\", line 465, in _get_cmd_option\n    return run_command(command)\n  File \"/usr/lib/python2.7/site-packages/airflow/configuration.py\", line 70, in run_command\n    .format(command, process.returncode, output, stderr)\nairflow.configuration.AirflowConfigException: Cannot execute python /home/airflow/.sec/security.py get_connection_string pg. Error code is: 1. Output: , Stderr: Traceback (most recent call last):\n  File \"/home/airflow/.sec/security.py\", line 4, in <module>\n    from cryptography.fernet import Fernet\nImportError: No module named cryptography.fernet\n\nairflow initdb\n(…same stack trace…)\n\nairflow list_dags\n(…same stack trace…)","tags":["airflow","python2.7","importerror","cryptography","fernet","config","initdb","webserver"],"expected_fix":"","provenance":{"source_hint":"StackOverflow (question/answer snippet)","retrieved_date":"2025-12-16","license":"CC BY-SA 4.0","notes":"Posted by Judy; modified by community; see Timeline for change history."}}
